[03-Jun-2025 12:29:23 UTC] PHP Warning:  Undefined variable $qsid in C:\Users\Bilel\Local Sites\koukaki\app\public\wp-content\plugins\child-theme-configurator\includes\classes\CSS.php on line 958
[03-Jun-2025 12:29:23 UTC] PHP Warning:  Undefined variable $qsid in C:\Users\Bilel\Local Sites\koukaki\app\public\wp-content\plugins\child-theme-configurator\includes\classes\CSS.php on line 960
[03-Jun-2025 12:29:23 UTC] PHP Warning:  Undefined variable $qsid in C:\Users\Bilel\Local Sites\koukaki\app\public\wp-content\plugins\child-theme-configurator\includes\classes\CSS.php on line 967
[03-Jun-2025 12:29:23 UTC] PHP Warning:  Undefined variable $qsid in C:\Users\Bilel\Local Sites\koukaki\app\public\wp-content\plugins\child-theme-configurator\includes\classes\CSS.php on line 968
[03-Jun-2025 12:29:23 UTC] PHP Warning:  Undefined variable $qsid in C:\Users\Bilel\Local Sites\koukaki\app\public\wp-content\plugins\child-theme-configurator\includes\classes\CSS.php on line 971
[03-Jun-2025 13:02:17 UTC] PHP Parse error:  Unmatched '}' in C:\Users\Bilel\Local Sites\koukaki\app\public\wp-content\themes\foce-child02\functions.php on line 65
[03-Jun-2025 13:02:17 UTC] PHP Parse error:  Unmatched '}' in C:\Users\Bilel\Local Sites\koukaki\app\public\wp-content\themes\foce-child02\functions.php on line 65
[03-Jun-2025 13:02:51 UTC] PHP Parse error:  Unmatched '}' in C:\Users\Bilel\Local Sites\koukaki\app\public\wp-content\themes\foce-child02\functions.php on line 65
[03-Jun-2025 13:02:51 UTC] PHP Parse error:  Unmatched '}' in C:\Users\Bilel\Local Sites\koukaki\app\public\wp-content\themes\foce-child02\functions.php on line 65
[03-Jun-2025 13:02:54 UTC] PHP Parse error:  Unmatched '}' in C:\Users\Bilel\Local Sites\koukaki\app\public\wp-content\themes\foce-child02\functions.php on line 65
[03-Jun-2025 13:02:54 UTC] PHP Parse error:  Unmatched '}' in C:\Users\Bilel\Local Sites\koukaki\app\public\wp-content\themes\foce-child02\functions.php on line 65
[03-Jun-2025 13:02:54 UTC] PHP Parse error:  Unmatched '}' in C:\Users\Bilel\Local Sites\koukaki\app\public\wp-content\themes\foce-child02\functions.php on line 65
[03-Jun-2025 13:02:55 UTC] PHP Parse error:  Unmatched '}' in C:\Users\Bilel\Local Sites\koukaki\app\public\wp-content\themes\foce-child02\functions.php on line 65
[03-Jun-2025 13:02:55 UTC] PHP Parse error:  Unmatched '}' in C:\Users\Bilel\Local Sites\koukaki\app\public\wp-content\themes\foce-child02\functions.php on line 65
[03-Jun-2025 13:02:55 UTC] PHP Parse error:  Unmatched '}' in C:\Users\Bilel\Local Sites\koukaki\app\public\wp-content\themes\foce-child02\functions.php on line 65
[03-Jun-2025 13:02:58 UTC] PHP Parse error:  Unmatched '}' in C:\Users\Bilel\Local Sites\koukaki\app\public\wp-content\themes\foce-child02\functions.php on line 65
[03-Jun-2025 13:02:58 UTC] PHP Parse error:  Unmatched '}' in C:\Users\Bilel\Local Sites\koukaki\app\public\wp-content\themes\foce-child02\functions.php on line 65
[03-Jun-2025 13:03:02 UTC] PHP Parse error:  Unmatched '}' in C:\Users\Bilel\Local Sites\koukaki\app\public\wp-content\themes\foce-child02\functions.php on line 65
[03-Jun-2025 13:03:02 UTC] PHP Parse error:  Unmatched '}' in C:\Users\Bilel\Local Sites\koukaki\app\public\wp-content\themes\foce-child02\functions.php on line 65
[03-Jun-2025 13:03:03 UTC] PHP Parse error:  Unmatched '}' in C:\Users\Bilel\Local Sites\koukaki\app\public\wp-content\themes\foce-child02\functions.php on line 65
[03-Jun-2025 13:03:03 UTC] PHP Parse error:  Unmatched '}' in C:\Users\Bilel\Local Sites\koukaki\app\public\wp-content\themes\foce-child02\functions.php on line 65
[03-Jun-2025 13:03:03 UTC] PHP Parse error:  Unmatched '}' in C:\Users\Bilel\Local Sites\koukaki\app\public\wp-content\themes\foce-child02\functions.php on line 65
[03-Jun-2025 13:03:03 UTC] PHP Parse error:  Unmatched '}' in C:\Users\Bilel\Local Sites\koukaki\app\public\wp-content\themes\foce-child02\functions.php on line 65
[03-Jun-2025 13:03:03 UTC] PHP Parse error:  Unmatched '}' in C:\Users\Bilel\Local Sites\koukaki\app\public\wp-content\themes\foce-child02\functions.php on line 65
[03-Jun-2025 13:03:03 UTC] PHP Parse error:  Unmatched '}' in C:\Users\Bilel\Local Sites\koukaki\app\public\wp-content\themes\foce-child02\functions.php on line 65
[03-Jun-2025 13:05:07 UTC] PHP Parse error:  Unmatched '}' in C:\Users\Bilel\Local Sites\koukaki\app\public\wp-content\themes\foce-child02\functions.php on line 65
[03-Jun-2025 13:05:07 UTC] PHP Parse error:  Unmatched '}' in C:\Users\Bilel\Local Sites\koukaki\app\public\wp-content\themes\foce-child02\functions.php on line 65
[03-Jun-2025 13:05:07 UTC] PHP Parse error:  Unmatched '}' in C:\Users\Bilel\Local Sites\koukaki\app\public\wp-content\themes\foce-child02\functions.php on line 65
[03-Jun-2025 13:05:07 UTC] PHP Parse error:  Unmatched '}' in C:\Users\Bilel\Local Sites\koukaki\app\public\wp-content\themes\foce-child02\functions.php on line 65
[03-Jun-2025 13:05:08 UTC] PHP Parse error:  Unmatched '}' in C:\Users\Bilel\Local Sites\koukaki\app\public\wp-content\themes\foce-child02\functions.php on line 65
[03-Jun-2025 13:05:08 UTC] PHP Parse error:  Unmatched '}' in C:\Users\Bilel\Local Sites\koukaki\app\public\wp-content\themes\foce-child02\functions.php on line 65
[03-Jun-2025 13:05:08 UTC] PHP Parse error:  Unmatched '}' in C:\Users\Bilel\Local Sites\koukaki\app\public\wp-content\themes\foce-child02\functions.php on line 65
[03-Jun-2025 13:05:08 UTC] PHP Parse error:  Unmatched '}' in C:\Users\Bilel\Local Sites\koukaki\app\public\wp-content\themes\foce-child02\functions.php on line 65
[03-Jun-2025 13:05:08 UTC] PHP Parse error:  Unmatched '}' in C:\Users\Bilel\Local Sites\koukaki\app\public\wp-content\themes\foce-child02\functions.php on line 65
[03-Jun-2025 13:05:08 UTC] PHP Parse error:  Unmatched '}' in C:\Users\Bilel\Local Sites\koukaki\app\public\wp-content\themes\foce-child02\functions.php on line 65
[03-Jun-2025 13:05:19 UTC] PHP Parse error:  Unmatched '}' in C:\Users\Bilel\Local Sites\koukaki\app\public\wp-content\themes\foce-child02\functions.php on line 65
[03-Jun-2025 13:05:19 UTC] PHP Parse error:  Unmatched '}' in C:\Users\Bilel\Local Sites\koukaki\app\public\wp-content\themes\foce-child02\functions.php on line 65
[03-Jun-2025 13:06:04 UTC] PHP Parse error:  Unmatched '}' in C:\Users\Bilel\Local Sites\koukaki\app\public\wp-content\themes\foce-child02\functions.php on line 65
[03-Jun-2025 13:06:04 UTC] PHP Parse error:  Unmatched '}' in C:\Users\Bilel\Local Sites\koukaki\app\public\wp-content\themes\foce-child02\functions.php on line 65
[03-Jun-2025 13:06:05 UTC] PHP Parse error:  Unmatched '}' in C:\Users\Bilel\Local Sites\koukaki\app\public\wp-content\themes\foce-child02\functions.php on line 65
[03-Jun-2025 13:06:05 UTC] PHP Parse error:  Unmatched '}' in C:\Users\Bilel\Local Sites\koukaki\app\public\wp-content\themes\foce-child02\functions.php on line 65
[03-Jun-2025 13:06:05 UTC] PHP Parse error:  Unmatched '}' in C:\Users\Bilel\Local Sites\koukaki\app\public\wp-content\themes\foce-child02\functions.php on line 65
[03-Jun-2025 13:06:05 UTC] PHP Parse error:  Unmatched '}' in C:\Users\Bilel\Local Sites\koukaki\app\public\wp-content\themes\foce-child02\functions.php on line 65
[03-Jun-2025 13:06:05 UTC] PHP Parse error:  Unmatched '}' in C:\Users\Bilel\Local Sites\koukaki\app\public\wp-content\themes\foce-child02\functions.php on line 65
[03-Jun-2025 13:06:05 UTC] PHP Parse error:  Unmatched '}' in C:\Users\Bilel\Local Sites\koukaki\app\public\wp-content\themes\foce-child02\functions.php on line 65
[03-Jun-2025 13:06:05 UTC] PHP Parse error:  Unmatched '}' in C:\Users\Bilel\Local Sites\koukaki\app\public\wp-content\themes\foce-child02\functions.php on line 65
[03-Jun-2025 13:06:05 UTC] PHP Parse error:  Unmatched '}' in C:\Users\Bilel\Local Sites\koukaki\app\public\wp-content\themes\foce-child02\functions.php on line 65
[03-Jun-2025 13:06:05 UTC] PHP Parse error:  Unmatched '}' in C:\Users\Bilel\Local Sites\koukaki\app\public\wp-content\themes\foce-child02\functions.php on line 65
[03-Jun-2025 13:06:05 UTC] PHP Parse error:  Unmatched '}' in C:\Users\Bilel\Local Sites\koukaki\app\public\wp-content\themes\foce-child02\functions.php on line 65
[03-Jun-2025 13:06:05 UTC] PHP Parse error:  Unmatched '}' in C:\Users\Bilel\Local Sites\koukaki\app\public\wp-content\themes\foce-child02\functions.php on line 65
[03-Jun-2025 13:06:05 UTC] PHP Parse error:  Unmatched '}' in C:\Users\Bilel\Local Sites\koukaki\app\public\wp-content\themes\foce-child02\functions.php on line 65
[03-Jun-2025 13:06:06 UTC] PHP Parse error:  Unmatched '}' in C:\Users\Bilel\Local Sites\koukaki\app\public\wp-content\themes\foce-child02\functions.php on line 65
[03-Jun-2025 13:06:06 UTC] PHP Parse error:  Unmatched '}' in C:\Users\Bilel\Local Sites\koukaki\app\public\wp-content\themes\foce-child02\functions.php on line 65
[03-Jun-2025 13:06:06 UTC] PHP Parse error:  Unmatched '}' in C:\Users\Bilel\Local Sites\koukaki\app\public\wp-content\themes\foce-child02\functions.php on line 65
[03-Jun-2025 13:06:06 UTC] PHP Parse error:  Unmatched '}' in C:\Users\Bilel\Local Sites\koukaki\app\public\wp-content\themes\foce-child02\functions.php on line 65
[03-Jun-2025 13:06:06 UTC] PHP Parse error:  Unmatched '}' in C:\Users\Bilel\Local Sites\koukaki\app\public\wp-content\themes\foce-child02\functions.php on line 65
[03-Jun-2025 13:06:06 UTC] PHP Parse error:  Unmatched '}' in C:\Users\Bilel\Local Sites\koukaki\app\public\wp-content\themes\foce-child02\functions.php on line 65
[03-Jun-2025 13:06:06 UTC] PHP Parse error:  Unmatched '}' in C:\Users\Bilel\Local Sites\koukaki\app\public\wp-content\themes\foce-child02\functions.php on line 65
[03-Jun-2025 13:06:06 UTC] PHP Parse error:  Unmatched '}' in C:\Users\Bilel\Local Sites\koukaki\app\public\wp-content\themes\foce-child02\functions.php on line 65
[03-Jun-2025 13:06:06 UTC] PHP Parse error:  Unmatched '}' in C:\Users\Bilel\Local Sites\koukaki\app\public\wp-content\themes\foce-child02\functions.php on line 65
[03-Jun-2025 13:06:06 UTC] PHP Parse error:  Unmatched '}' in C:\Users\Bilel\Local Sites\koukaki\app\public\wp-content\themes\foce-child02\functions.php on line 65
[03-Jun-2025 13:06:06 UTC] PHP Parse error:  Unmatched '}' in C:\Users\Bilel\Local Sites\koukaki\app\public\wp-content\themes\foce-child02\functions.php on line 65
[03-Jun-2025 13:06:06 UTC] PHP Parse error:  Unmatched '}' in C:\Users\Bilel\Local Sites\koukaki\app\public\wp-content\themes\foce-child02\functions.php on line 65
[03-Jun-2025 13:06:06 UTC] PHP Parse error:  Unmatched '}' in C:\Users\Bilel\Local Sites\koukaki\app\public\wp-content\themes\foce-child02\functions.php on line 65
[03-Jun-2025 13:06:07 UTC] PHP Parse error:  Unmatched '}' in C:\Users\Bilel\Local Sites\koukaki\app\public\wp-content\themes\foce-child02\functions.php on line 65
[03-Jun-2025 13:06:07 UTC] PHP Parse error:  Unmatched '}' in C:\Users\Bilel\Local Sites\koukaki\app\public\wp-content\themes\foce-child02\functions.php on line 65
[03-Jun-2025 13:06:07 UTC] PHP Parse error:  Unmatched '}' in C:\Users\Bilel\Local Sites\koukaki\app\public\wp-content\themes\foce-child02\functions.php on line 65
[03-Jun-2025 13:06:07 UTC] PHP Parse error:  Unmatched '}' in C:\Users\Bilel\Local Sites\koukaki\app\public\wp-content\themes\foce-child02\functions.php on line 65
[03-Jun-2025 13:06:07 UTC] PHP Parse error:  Unmatched '}' in C:\Users\Bilel\Local Sites\koukaki\app\public\wp-content\themes\foce-child02\functions.php on line 65
[03-Jun-2025 13:06:07 UTC] PHP Parse error:  Unmatched '}' in C:\Users\Bilel\Local Sites\koukaki\app\public\wp-content\themes\foce-child02\functions.php on line 65
[03-Jun-2025 13:06:07 UTC] PHP Parse error:  Unmatched '}' in C:\Users\Bilel\Local Sites\koukaki\app\public\wp-content\themes\foce-child02\functions.php on line 65
[03-Jun-2025 13:06:07 UTC] PHP Parse error:  Unmatched '}' in C:\Users\Bilel\Local Sites\koukaki\app\public\wp-content\themes\foce-child02\functions.php on line 65
[03-Jun-2025 13:06:07 UTC] PHP Parse error:  Unmatched '}' in C:\Users\Bilel\Local Sites\koukaki\app\public\wp-content\themes\foce-child02\functions.php on line 65
[03-Jun-2025 13:06:07 UTC] PHP Parse error:  Unmatched '}' in C:\Users\Bilel\Local Sites\koukaki\app\public\wp-content\themes\foce-child02\functions.php on line 65
[03-Jun-2025 13:06:07 UTC] PHP Parse error:  Unmatched '}' in C:\Users\Bilel\Local Sites\koukaki\app\public\wp-content\themes\foce-child02\functions.php on line 65
[03-Jun-2025 13:06:07 UTC] PHP Parse error:  Unmatched '}' in C:\Users\Bilel\Local Sites\koukaki\app\public\wp-content\themes\foce-child02\functions.php on line 65
[03-Jun-2025 13:06:08 UTC] PHP Parse error:  Unmatched '}' in C:\Users\Bilel\Local Sites\koukaki\app\public\wp-content\themes\foce-child02\functions.php on line 65
[03-Jun-2025 13:07:34 UTC] PHP Parse error:  Unmatched '}' in C:\Users\Bilel\Local Sites\koukaki\app\public\wp-content\themes\foce-child02\functions.php on line 65
[03-Jun-2025 13:07:34 UTC] PHP Parse error:  Unmatched '}' in C:\Users\Bilel\Local Sites\koukaki\app\public\wp-content\themes\foce-child02\functions.php on line 65
[03-Jun-2025 13:07:35 UTC] PHP Parse error:  Unmatched '}' in C:\Users\Bilel\Local Sites\koukaki\app\public\wp-content\themes\foce-child02\functions.php on line 65
[03-Jun-2025 13:07:35 UTC] PHP Parse error:  Unmatched '}' in C:\Users\Bilel\Local Sites\koukaki\app\public\wp-content\themes\foce-child02\functions.php on line 65
[03-Jun-2025 13:07:35 UTC] PHP Parse error:  Unmatched '}' in C:\Users\Bilel\Local Sites\koukaki\app\public\wp-content\themes\foce-child02\functions.php on line 65
[03-Jun-2025 13:07:35 UTC] PHP Parse error:  Unmatched '}' in C:\Users\Bilel\Local Sites\koukaki\app\public\wp-content\themes\foce-child02\functions.php on line 65
[03-Jun-2025 13:07:35 UTC] PHP Parse error:  Unmatched '}' in C:\Users\Bilel\Local Sites\koukaki\app\public\wp-content\themes\foce-child02\functions.php on line 65
[03-Jun-2025 13:07:35 UTC] PHP Parse error:  Unmatched '}' in C:\Users\Bilel\Local Sites\koukaki\app\public\wp-content\themes\foce-child02\functions.php on line 65
[03-Jun-2025 13:07:35 UTC] PHP Parse error:  Unmatched '}' in C:\Users\Bilel\Local Sites\koukaki\app\public\wp-content\themes\foce-child02\functions.php on line 65
[03-Jun-2025 13:07:35 UTC] PHP Parse error:  Unmatched '}' in C:\Users\Bilel\Local Sites\koukaki\app\public\wp-content\themes\foce-child02\functions.php on line 65
[03-Jun-2025 13:07:35 UTC] PHP Parse error:  Unmatched '}' in C:\Users\Bilel\Local Sites\koukaki\app\public\wp-content\themes\foce-child02\functions.php on line 65
[03-Jun-2025 13:07:35 UTC] PHP Parse error:  Unmatched '}' in C:\Users\Bilel\Local Sites\koukaki\app\public\wp-content\themes\foce-child02\functions.php on line 65
[03-Jun-2025 13:07:36 UTC] PHP Parse error:  Unmatched '}' in C:\Users\Bilel\Local Sites\koukaki\app\public\wp-content\themes\foce-child02\functions.php on line 65
[03-Jun-2025 13:07:36 UTC] PHP Parse error:  Unmatched '}' in C:\Users\Bilel\Local Sites\koukaki\app\public\wp-content\themes\foce-child02\functions.php on line 65
[03-Jun-2025 13:09:22 UTC] PHP Parse error:  syntax error, unexpected token "<", expecting end of file in C:\Users\Bilel\Local Sites\koukaki\app\public\wp-content\themes\foce-child02\functions.php on line 31
[03-Jun-2025 13:09:22 UTC] PHP Parse error:  syntax error, unexpected token "<", expecting end of file in C:\Users\Bilel\Local Sites\koukaki\app\public\wp-content\themes\foce-child02\functions.php on line 31
[03-Jun-2025 13:09:51 UTC] PHP Parse error:  syntax error, unexpected token "<", expecting end of file in C:\Users\Bilel\Local Sites\koukaki\app\public\wp-content\themes\foce-child02\functions.php on line 31
[03-Jun-2025 13:09:51 UTC] PHP Parse error:  syntax error, unexpected token "<", expecting end of file in C:\Users\Bilel\Local Sites\koukaki\app\public\wp-content\themes\foce-child02\functions.php on line 31
[03-Jun-2025 13:21:44 UTC] PHP Fatal error:  Uncaught Error: Call to undefined function get_field() in C:\Users\Bilel\Local Sites\koukaki\app\public\wp-content\themes\foce-child02\front-page.php:51
Stack trace:
#0 C:\Users\Bilel\Local Sites\koukaki\app\public\wp-includes\template-loader.php(106): include()
#1 C:\Users\Bilel\Local Sites\koukaki\app\public\wp-blog-header.php(19): require_once('C:\\Users\\Bilel\\...')
#2 C:\Users\Bilel\Local Sites\koukaki\app\public\index.php(17): require('C:\\Users\\Bilel\\...')
#3 {main}
  thrown in C:\Users\Bilel\Local Sites\koukaki\app\public\wp-content\themes\foce-child02\front-page.php on line 51
[03-Jun-2025 13:25:10 UTC] PHP Fatal error:  Uncaught Error: Call to undefined function get_field() in C:\Users\Bilel\Local Sites\koukaki\app\public\wp-content\themes\foce-child02\front-page.php:51
Stack trace:
#0 C:\Users\Bilel\Local Sites\koukaki\app\public\wp-includes\template-loader.php(106): include()
#1 C:\Users\Bilel\Local Sites\koukaki\app\public\wp-blog-header.php(19): require_once('C:\\Users\\Bilel\\...')
#2 C:\Users\Bilel\Local Sites\koukaki\app\public\index.php(17): require('C:\\Users\\Bilel\\...')
#3 {main}
  thrown in C:\Users\Bilel\Local Sites\koukaki\app\public\wp-content\themes\foce-child02\front-page.php on line 51
[03-Jun-2025 13:27:22 UTC] PHP Fatal error:  Uncaught Error: Call to undefined function get_field() in C:\Users\Bilel\Local Sites\koukaki\app\public\wp-content\themes\foce-child02\front-page.php:51
Stack trace:
#0 C:\Users\Bilel\Local Sites\koukaki\app\public\wp-includes\template-loader.php(106): include()
#1 C:\Users\Bilel\Local Sites\koukaki\app\public\wp-blog-header.php(19): require_once('C:\\Users\\Bilel\\...')
#2 C:\Users\Bilel\Local Sites\koukaki\app\public\index.php(17): require('C:\\Users\\Bilel\\...')
#3 {main}
  thrown in C:\Users\Bilel\Local Sites\koukaki\app\public\wp-content\themes\foce-child02\front-page.php on line 51
[03-Jun-2025 13:27:27 UTC] PHP Fatal error:  Uncaught Error: Call to undefined function get_field() in C:\Users\Bilel\Local Sites\koukaki\app\public\wp-content\themes\foce-child02\front-page.php:51
Stack trace:
#0 C:\Users\Bilel\Local Sites\koukaki\app\public\wp-includes\template-loader.php(106): include()
#1 C:\Users\Bilel\Local Sites\koukaki\app\public\wp-blog-header.php(19): require_once('C:\\Users\\Bilel\\...')
#2 C:\Users\Bilel\Local Sites\koukaki\app\public\index.php(17): require('C:\\Users\\Bilel\\...')
#3 {main}
  thrown in C:\Users\Bilel\Local Sites\koukaki\app\public\wp-content\themes\foce-child02\front-page.php on line 51
[03-Jun-2025 13:27:28 UTC] PHP Fatal error:  Uncaught Error: Call to undefined function get_field() in C:\Users\Bilel\Local Sites\koukaki\app\public\wp-content\themes\foce-child02\front-page.php:51
Stack trace:
#0 C:\Users\Bilel\Local Sites\koukaki\app\public\wp-includes\template-loader.php(106): include()
#1 C:\Users\Bilel\Local Sites\koukaki\app\public\wp-blog-header.php(19): require_once('C:\\Users\\Bilel\\...')
#2 C:\Users\Bilel\Local Sites\koukaki\app\public\index.php(17): require('C:\\Users\\Bilel\\...')
#3 {main}
  thrown in C:\Users\Bilel\Local Sites\koukaki\app\public\wp-content\themes\foce-child02\front-page.php on line 51
[03-Jun-2025 13:27:31 UTC] PHP Fatal error:  Uncaught Error: Call to undefined function get_field() in C:\Users\Bilel\Local Sites\koukaki\app\public\wp-content\themes\foce-child02\front-page.php:51
Stack trace:
#0 C:\Users\Bilel\Local Sites\koukaki\app\public\wp-includes\template-loader.php(106): include()
#1 C:\Users\Bilel\Local Sites\koukaki\app\public\wp-blog-header.php(19): require_once('C:\\Users\\Bilel\\...')
#2 C:\Users\Bilel\Local Sites\koukaki\app\public\index.php(17): require('C:\\Users\\Bilel\\...')
#3 {main}
  thrown in C:\Users\Bilel\Local Sites\koukaki\app\public\wp-content\themes\foce-child02\front-page.php on line 51
[03-Jun-2025 13:27:33 UTC] PHP Fatal error:  Uncaught Error: Call to undefined function get_field() in C:\Users\Bilel\Local Sites\koukaki\app\public\wp-content\themes\foce-child02\front-page.php:51
Stack trace:
#0 C:\Users\Bilel\Local Sites\koukaki\app\public\wp-includes\template-loader.php(106): include()
#1 C:\Users\Bilel\Local Sites\koukaki\app\public\wp-blog-header.php(19): require_once('C:\\Users\\Bilel\\...')
#2 C:\Users\Bilel\Local Sites\koukaki\app\public\index.php(17): require('C:\\Users\\Bilel\\...')
#3 {main}
  thrown in C:\Users\Bilel\Local Sites\koukaki\app\public\wp-content\themes\foce-child02\front-page.php on line 51
[17-Jun-2025 09:39:22 UTC] Erreur d’événement de replanification de tâche pour le crochet wp_privacy_delete_old_export_files. Code d’erreur : could_not_set. Message d’erreur : La liste des évènements planifiés n’a pas pu être sauvegardée.. Données : {"schedule":"hourly","args":[],"interval":3600}
